2024-07-26 07:00:13 [INFO] Изображение mainphoto/2147465885-1.png успешно загружено на сервер
2024-07-26 07:00:13 [INFO] Изображение mainphoto/adsad.png успешно загружено на сервер
2024-07-26 07:01:47 [ERROR] Обработанные изображения не найдены в ответе сервера
2024-07-26 07:01:47 [INFO] Изображение 2147465885-1.png успешно сохранено в downloaded_images/2147465885-1.png
2024-07-26 07:01:47 [INFO] Изображение adsad.png успешно сохранено в downloaded_images/adsad.png
2024-07-26 07:02:03 [INFO] Изображение успешно сохранено как 'output/2147465885-1.png'
2024-07-26 07:02:17 [INFO] Изображение успешно сохранено как 'output/adsad.png'
2024-07-26 07:03:15 [INFO] Изображение mainphoto/2147465885-1.png успешно загружено на сервер
2024-07-26 07:03:15 [INFO] Изображение mainphoto/adsad.png успешно загружено на сервер
2024-07-26 07:03:16 [ERROR] Ошибка при запуске обработки: 500
2024-07-26 07:03:16 [ERROR] Обработанные изображения не найдены в ответе сервера
2024-07-26 07:03:16 [ERROR] Ошибка при запросе изображения: 404
2024-07-26 07:03:16 [ERROR] Ошибка при запросе изображения: 404
2024-07-26 07:03:28 [INFO] Изображение успешно сохранено как 'output/2147465885-1.png'
2024-07-26 07:03:40 [INFO] Изображение успешно сохранено как 'output/adsad.png'
2024-07-26 07:04:37 [INFO] Изображение mainphoto/2147465885-1.png успешно загружено на сервер
2024-07-26 07:04:37 [INFO] Изображение mainphoto/adsad.png успешно загружено на сервер
2024-07-26 07:06:18 [ERROR] Обработанные изображения не найдены в ответе сервера
2024-07-26 07:06:18 [ERROR] Ошибка при запросе изображения: 500
2024-07-26 07:06:18 [ERROR] Ошибка при запросе изображения: 500
2024-07-26 07:06:32 [INFO] Изображение успешно сохранено как 'output/2147465885-1.png'
2024-07-26 07:06:44 [INFO] Изображение успешно сохранено как 'output/adsad.png'
2024-07-26 07:07:27 [INFO] Изображение mainphoto/2147465885-1.png успешно загружено на сервер
2024-07-26 07:07:27 [INFO] Изображение mainphoto/adsad.png успешно загружено на сервер
2024-07-26 07:09:08 [ERROR] Обработанные изображения не найдены в ответе сервера
2024-07-26 07:09:08 [INFO] Изображение 2147465885-1.png успешно сохранено в downloaded_images/2147465885-1.png
2024-07-26 07:09:08 [INFO] Изображение adsad.png успешно сохранено в downloaded_images/adsad.png
2024-07-26 07:09:22 [INFO] Изображение успешно сохранено как 'output/2147465885-1.png'
2024-07-26 07:09:35 [INFO] Изображение успешно сохранено как 'output/adsad.png'
2024-07-26 07:11:02 [INFO] Изображение mainphoto/2147465885-1.png успешно загружено на сервер
2024-07-26 07:11:02 [INFO] Изображение mainphoto/adsad.png успешно загружено на сервер
2024-07-26 07:12:44 [ERROR] Обработанные изображения не найдены в ответе сервера
2024-07-26 07:12:44 [INFO] Изображение 2147465885-1.png успешно сохранено в downloaded_images/2147465885-1.png
2024-07-26 07:12:44 [INFO] Изображение adsad.png успешно сохранено в downloaded_images/adsad.png
2024-07-26 07:12:56 [INFO] Изображение успешно сохранено как 'output/2147465885-1.png'
2024-07-26 07:13:07 [INFO] Изображение успешно сохранено как 'output/adsad.png'
2024-07-26 07:23:19 [INFO] Изображение mainphoto/2147465885-1.png успешно загружено на сервер
2024-07-26 07:23:19 [INFO] Изображение mainphoto/adsad.png успешно загружено на сервер
2024-07-26 07:25:00 [ERROR] Обработанные изображения не найдены в ответе сервера
2024-07-26 07:25:00 [INFO] Изображение 2147465885-1.png успешно сохранено в downloaded_images/2147465885-1.png
2024-07-26 07:25:00 [INFO] Изображение adsad.png успешно сохранено в downloaded_images/adsad.png
2024-07-26 07:25:12 [INFO] Изображение успешно сохранено как 'output/2147465885-1.png'
2024-07-26 07:25:27 [INFO] Изображение успешно сохранено как 'output/adsad.png'
